<?xml version="1.0" encoding="UTF-8"?>
<!-- Generated by org.testng.reporters.JUnitReportReporter -->
<testsuite hostname="DESKTOP-MSSFI2A" failures="0" tests="1" name="runnerPackage.testOrder" time="0.210" errors="0" timestamp="2024-10-10T14:44:14 SAST" skipped="0">
  <testcase classname="runnerPackage.testOrder" name="runScenario" time="0.210"/>
  <system-out/>
</testsuite> <!-- runnerPackage.testOrder -->
